[2025-04-30T03:53:12.676Z] [cad-analyzer-analyze] TypeError: Cannot read properties of undefined (reading 'map')
    at POST (webpack-internal:///(rsc)/./app/api/cad-analyzer/analyze/route.ts:114:42)
    at process.processTicksAndRejections (node:internal/process/task_queues:105:5)
    at async AppRouteRouteModule.do (E:\pyydemo\ai-chat-interface\node_modules\next\dist\compiled\next-server\app-route.runtime.dev.js:26:33891)
    at async AppRouteRouteModule.handle (E:\pyydemo\ai-chat-interface\node_modules\next\dist\compiled\next-server\app-route.runtime.dev.js:26:41254)
    at async doRender (E:\pyydemo\ai-chat-interface\node_modules\next\dist\server\base-server.js:1513:42)
    at async DevServer.renderToResponseWithComponentsImpl (E:\pyydemo\ai-chat-interface\node_modules\next\dist\server\base-server.js:1915:28)
    at async DevServer.renderPageComponent (E:\pyydemo\ai-chat-interface\node_modules\next\dist\server\base-server.js:2393:24)
    at async DevServer.renderToResponseImpl (E:\pyydemo\ai-chat-interface\node_modules\next\dist\server\base-server.js:2430:32)
    at async DevServer.pipeImpl (E:\pyydemo\ai-chat-interface\node_modules\next\dist\server\base-server.js:1003:25)
    at async NextNodeServer.handleCatchallRenderRequest (E:\pyydemo\ai-chat-interface\node_modules\next\dist\server\next-server.js:304:17)
    at async DevServer.handleRequestImpl (E:\pyydemo\ai-chat-interface\node_modules\next\dist\server\base-server.js:895:17)
    at async E:\pyydemo\ai-chat-interface\node_modules\next\dist\server\dev\next-dev-server.js:371:20
    at async Span.traceAsyncFn (E:\pyydemo\ai-chat-interface\node_modules\next\dist\trace\trace.js:157:20)
    at async DevServer.handleRequest (E:\pyydemo\ai-chat-interface\node_modules\next\dist\server\dev\next-dev-server.js:368:24)
    at async invokeRender (E:\pyydemo\ai-chat-interface\node_modules\next\dist\server\lib\router-server.js:235:21)
    at async handleRequest (E:\pyydemo\ai-chat-interface\node_modules\next\dist\server\lib\router-server.js:426:24)
    at async requestHandlerImpl (E:\pyydemo\ai-chat-interface\node_modules\next\dist\server\lib\router-server.js:450:13)
    at async Server.requestListener (E:\pyydemo\ai-chat-interface\node_modules\next\dist\server\lib\start-server.js:158:13)
[2025-05-06T05:55:45.039Z] [cad-analyzer-analyze] TypeError: Cannot read properties of undefined (reading 'map')
    at POST (webpack-internal:///(rsc)/./app/api/cad-analyzer/analyze/route.ts:114:42)
    at process.processTicksAndRejections (node:internal/process/task_queues:105:5)
    at async AppRouteRouteModule.do (E:\pyydemo\ai-chat-interface\node_modules\next\dist\compiled\next-server\app-route.runtime.dev.js:26:33891)
    at async AppRouteRouteModule.handle (E:\pyydemo\ai-chat-interface\node_modules\next\dist\compiled\next-server\app-route.runtime.dev.js:26:41254)
    at async doRender (E:\pyydemo\ai-chat-interface\node_modules\next\dist\server\base-server.js:1513:42)
    at async DevServer.renderToResponseWithComponentsImpl (E:\pyydemo\ai-chat-interface\node_modules\next\dist\server\base-server.js:1915:28)
    at async DevServer.renderPageComponent (E:\pyydemo\ai-chat-interface\node_modules\next\dist\server\base-server.js:2393:24)
    at async DevServer.renderToResponseImpl (E:\pyydemo\ai-chat-interface\node_modules\next\dist\server\base-server.js:2430:32)
    at async DevServer.pipeImpl (E:\pyydemo\ai-chat-interface\node_modules\next\dist\server\base-server.js:1003:25)
    at async NextNodeServer.handleCatchallRenderRequest (E:\pyydemo\ai-chat-interface\node_modules\next\dist\server\next-server.js:304:17)
    at async DevServer.handleRequestImpl (E:\pyydemo\ai-chat-interface\node_modules\next\dist\server\base-server.js:895:17)
    at async E:\pyydemo\ai-chat-interface\node_modules\next\dist\server\dev\next-dev-server.js:371:20
    at async Span.traceAsyncFn (E:\pyydemo\ai-chat-interface\node_modules\next\dist\trace\trace.js:157:20)
    at async DevServer.handleRequest (E:\pyydemo\ai-chat-interface\node_modules\next\dist\server\dev\next-dev-server.js:368:24)
    at async invokeRender (E:\pyydemo\ai-chat-interface\node_modules\next\dist\server\lib\router-server.js:235:21)
    at async handleRequest (E:\pyydemo\ai-chat-interface\node_modules\next\dist\server\lib\router-server.js:426:24)
    at async requestHandlerImpl (E:\pyydemo\ai-chat-interface\node_modules\next\dist\server\lib\router-server.js:450:13)
    at async Server.requestListener (E:\pyydemo\ai-chat-interface\node_modules\next\dist\server\lib\start-server.js:158:13)
[2025-05-06T05:56:18.776Z] [cad-analyzer-analyze] TypeError: Cannot read properties of undefined (reading 'map')
    at POST (webpack-internal:///(rsc)/./app/api/cad-analyzer/analyze/route.ts:114:42)
    at process.processTicksAndRejections (node:internal/process/task_queues:105:5)
    at async AppRouteRouteModule.do (E:\pyydemo\ai-chat-interface\node_modules\next\dist\compiled\next-server\app-route.runtime.dev.js:26:33891)
    at async AppRouteRouteModule.handle (E:\pyydemo\ai-chat-interface\node_modules\next\dist\compiled\next-server\app-route.runtime.dev.js:26:41254)
    at async doRender (E:\pyydemo\ai-chat-interface\node_modules\next\dist\server\base-server.js:1513:42)
    at async DevServer.renderToResponseWithComponentsImpl (E:\pyydemo\ai-chat-interface\node_modules\next\dist\server\base-server.js:1915:28)
    at async DevServer.renderPageComponent (E:\pyydemo\ai-chat-interface\node_modules\next\dist\server\base-server.js:2393:24)
    at async DevServer.renderToResponseImpl (E:\pyydemo\ai-chat-interface\node_modules\next\dist\server\base-server.js:2430:32)
    at async DevServer.pipeImpl (E:\pyydemo\ai-chat-interface\node_modules\next\dist\server\base-server.js:1003:25)
    at async NextNodeServer.handleCatchallRenderRequest (E:\pyydemo\ai-chat-interface\node_modules\next\dist\server\next-server.js:304:17)
    at async DevServer.handleRequestImpl (E:\pyydemo\ai-chat-interface\node_modules\next\dist\server\base-server.js:895:17)
    at async E:\pyydemo\ai-chat-interface\node_modules\next\dist\server\dev\next-dev-server.js:371:20
    at async Span.traceAsyncFn (E:\pyydemo\ai-chat-interface\node_modules\next\dist\trace\trace.js:157:20)
    at async DevServer.handleRequest (E:\pyydemo\ai-chat-interface\node_modules\next\dist\server\dev\next-dev-server.js:368:24)
    at async invokeRender (E:\pyydemo\ai-chat-interface\node_modules\next\dist\server\lib\router-server.js:235:21)
    at async handleRequest (E:\pyydemo\ai-chat-interface\node_modules\next\dist\server\lib\router-server.js:426:24)
    at async requestHandlerImpl (E:\pyydemo\ai-chat-interface\node_modules\next\dist\server\lib\router-server.js:450:13)
    at async Server.requestListener (E:\pyydemo\ai-chat-interface\node_modules\next\dist\server\lib\start-server.js:158:13)
[2025-05-06T05:56:48.743Z] [cad-analyzer-analyze] TypeError: Cannot read properties of undefined (reading 'map')
    at POST (webpack-internal:///(rsc)/./app/api/cad-analyzer/analyze/route.ts:114:42)
    at process.processTicksAndRejections (node:internal/process/task_queues:105:5)
    at async AppRouteRouteModule.do (E:\pyydemo\ai-chat-interface\node_modules\next\dist\compiled\next-server\app-route.runtime.dev.js:26:33891)
    at async AppRouteRouteModule.handle (E:\pyydemo\ai-chat-interface\node_modules\next\dist\compiled\next-server\app-route.runtime.dev.js:26:41254)
    at async doRender (E:\pyydemo\ai-chat-interface\node_modules\next\dist\server\base-server.js:1513:42)
    at async DevServer.renderToResponseWithComponentsImpl (E:\pyydemo\ai-chat-interface\node_modules\next\dist\server\base-server.js:1915:28)
    at async DevServer.renderPageComponent (E:\pyydemo\ai-chat-interface\node_modules\next\dist\server\base-server.js:2393:24)
    at async DevServer.renderToResponseImpl (E:\pyydemo\ai-chat-interface\node_modules\next\dist\server\base-server.js:2430:32)
    at async DevServer.pipeImpl (E:\pyydemo\ai-chat-interface\node_modules\next\dist\server\base-server.js:1003:25)
    at async NextNodeServer.handleCatchallRenderRequest (E:\pyydemo\ai-chat-interface\node_modules\next\dist\server\next-server.js:304:17)
    at async DevServer.handleRequestImpl (E:\pyydemo\ai-chat-interface\node_modules\next\dist\server\base-server.js:895:17)
    at async E:\pyydemo\ai-chat-interface\node_modules\next\dist\server\dev\next-dev-server.js:371:20
    at async Span.traceAsyncFn (E:\pyydemo\ai-chat-interface\node_modules\next\dist\trace\trace.js:157:20)
    at async DevServer.handleRequest (E:\pyydemo\ai-chat-interface\node_modules\next\dist\server\dev\next-dev-server.js:368:24)
    at async invokeRender (E:\pyydemo\ai-chat-interface\node_modules\next\dist\server\lib\router-server.js:235:21)
    at async handleRequest (E:\pyydemo\ai-chat-interface\node_modules\next\dist\server\lib\router-server.js:426:24)
    at async requestHandlerImpl (E:\pyydemo\ai-chat-interface\node_modules\next\dist\server\lib\router-server.js:450:13)
    at async Server.requestListener (E:\pyydemo\ai-chat-interface\node_modules\next\dist\server\lib\start-server.js:158:13)
[2025-05-06T07:20:52.382Z] [cad-analyzer-analyze] TypeError: Cannot read properties of undefined (reading 'map')
    at POST (webpack-internal:///(rsc)/./app/api/cad-analyzer/analyze/route.ts:114:42)
    at process.processTicksAndRejections (node:internal/process/task_queues:105:5)
    at async AppRouteRouteModule.do (E:\pyydemo\ai-chat-interface\node_modules\next\dist\compiled\next-server\app-route.runtime.dev.js:26:33891)
    at async AppRouteRouteModule.handle (E:\pyydemo\ai-chat-interface\node_modules\next\dist\compiled\next-server\app-route.runtime.dev.js:26:41254)
    at async doRender (E:\pyydemo\ai-chat-interface\node_modules\next\dist\server\base-server.js:1513:42)
    at async DevServer.renderToResponseWithComponentsImpl (E:\pyydemo\ai-chat-interface\node_modules\next\dist\server\base-server.js:1915:28)
    at async DevServer.renderPageComponent (E:\pyydemo\ai-chat-interface\node_modules\next\dist\server\base-server.js:2393:24)
    at async DevServer.renderToResponseImpl (E:\pyydemo\ai-chat-interface\node_modules\next\dist\server\base-server.js:2430:32)
    at async DevServer.pipeImpl (E:\pyydemo\ai-chat-interface\node_modules\next\dist\server\base-server.js:1003:25)
    at async NextNodeServer.handleCatchallRenderRequest (E:\pyydemo\ai-chat-interface\node_modules\next\dist\server\next-server.js:304:17)
    at async DevServer.handleRequestImpl (E:\pyydemo\ai-chat-interface\node_modules\next\dist\server\base-server.js:895:17)
    at async E:\pyydemo\ai-chat-interface\node_modules\next\dist\server\dev\next-dev-server.js:371:20
    at async Span.traceAsyncFn (E:\pyydemo\ai-chat-interface\node_modules\next\dist\trace\trace.js:157:20)
    at async DevServer.handleRequest (E:\pyydemo\ai-chat-interface\node_modules\next\dist\server\dev\next-dev-server.js:368:24)
    at async invokeRender (E:\pyydemo\ai-chat-interface\node_modules\next\dist\server\lib\router-server.js:235:21)
    at async handleRequest (E:\pyydemo\ai-chat-interface\node_modules\next\dist\server\lib\router-server.js:426:24)
    at async requestHandlerImpl (E:\pyydemo\ai-chat-interface\node_modules\next\dist\server\lib\router-server.js:450:13)
    at async Server.requestListener (E:\pyydemo\ai-chat-interface\node_modules\next\dist\server\lib\start-server.js:158:13)
[2025-05-06T07:21:12.382Z] [cad-analyzer-analyze] TypeError: Cannot read properties of undefined (reading 'map')
    at POST (webpack-internal:///(rsc)/./app/api/cad-analyzer/analyze/route.ts:114:42)
    at process.processTicksAndRejections (node:internal/process/task_queues:105:5)
    at async AppRouteRouteModule.do (E:\pyydemo\ai-chat-interface\node_modules\next\dist\compiled\next-server\app-route.runtime.dev.js:26:33891)
    at async AppRouteRouteModule.handle (E:\pyydemo\ai-chat-interface\node_modules\next\dist\compiled\next-server\app-route.runtime.dev.js:26:41254)
    at async doRender (E:\pyydemo\ai-chat-interface\node_modules\next\dist\server\base-server.js:1513:42)
    at async DevServer.renderToResponseWithComponentsImpl (E:\pyydemo\ai-chat-interface\node_modules\next\dist\server\base-server.js:1915:28)
    at async DevServer.renderPageComponent (E:\pyydemo\ai-chat-interface\node_modules\next\dist\server\base-server.js:2393:24)
    at async DevServer.renderToResponseImpl (E:\pyydemo\ai-chat-interface\node_modules\next\dist\server\base-server.js:2430:32)
    at async DevServer.pipeImpl (E:\pyydemo\ai-chat-interface\node_modules\next\dist\server\base-server.js:1003:25)
    at async NextNodeServer.handleCatchallRenderRequest (E:\pyydemo\ai-chat-interface\node_modules\next\dist\server\next-server.js:304:17)
    at async DevServer.handleRequestImpl (E:\pyydemo\ai-chat-interface\node_modules\next\dist\server\base-server.js:895:17)
    at async E:\pyydemo\ai-chat-interface\node_modules\next\dist\server\dev\next-dev-server.js:371:20
    at async Span.traceAsyncFn (E:\pyydemo\ai-chat-interface\node_modules\next\dist\trace\trace.js:157:20)
    at async DevServer.handleRequest (E:\pyydemo\ai-chat-interface\node_modules\next\dist\server\dev\next-dev-server.js:368:24)
    at async invokeRender (E:\pyydemo\ai-chat-interface\node_modules\next\dist\server\lib\router-server.js:235:21)
    at async handleRequest (E:\pyydemo\ai-chat-interface\node_modules\next\dist\server\lib\router-server.js:426:24)
    at async requestHandlerImpl (E:\pyydemo\ai-chat-interface\node_modules\next\dist\server\lib\router-server.js:450:13)
    at async Server.requestListener (E:\pyydemo\ai-chat-interface\node_modules\next\dist\server\lib\start-server.js:158:13)
[2025-05-06T07:24:11.131Z] [cad-analyzer-analyze] TypeError: Cannot read properties of undefined (reading 'map')
    at POST (webpack-internal:///(rsc)/./app/api/cad-analyzer/analyze/route.ts:114:42)
    at process.processTicksAndRejections (node:internal/process/task_queues:105:5)
    at async AppRouteRouteModule.do (E:\pyydemo\ai-chat-interface\node_modules\next\dist\compiled\next-server\app-route.runtime.dev.js:26:33891)
    at async AppRouteRouteModule.handle (E:\pyydemo\ai-chat-interface\node_modules\next\dist\compiled\next-server\app-route.runtime.dev.js:26:41254)
    at async doRender (E:\pyydemo\ai-chat-interface\node_modules\next\dist\server\base-server.js:1513:42)
    at async DevServer.renderToResponseWithComponentsImpl (E:\pyydemo\ai-chat-interface\node_modules\next\dist\server\base-server.js:1915:28)
    at async DevServer.renderPageComponent (E:\pyydemo\ai-chat-interface\node_modules\next\dist\server\base-server.js:2393:24)
    at async DevServer.renderToResponseImpl (E:\pyydemo\ai-chat-interface\node_modules\next\dist\server\base-server.js:2430:32)
    at async DevServer.pipeImpl (E:\pyydemo\ai-chat-interface\node_modules\next\dist\server\base-server.js:1003:25)
    at async NextNodeServer.handleCatchallRenderRequest (E:\pyydemo\ai-chat-interface\node_modules\next\dist\server\next-server.js:304:17)
    at async DevServer.handleRequestImpl (E:\pyydemo\ai-chat-interface\node_modules\next\dist\server\base-server.js:895:17)
    at async E:\pyydemo\ai-chat-interface\node_modules\next\dist\server\dev\next-dev-server.js:371:20
    at async Span.traceAsyncFn (E:\pyydemo\ai-chat-interface\node_modules\next\dist\trace\trace.js:157:20)
    at async DevServer.handleRequest (E:\pyydemo\ai-chat-interface\node_modules\next\dist\server\dev\next-dev-server.js:368:24)
    at async invokeRender (E:\pyydemo\ai-chat-interface\node_modules\next\dist\server\lib\router-server.js:235:21)
    at async handleRequest (E:\pyydemo\ai-chat-interface\node_modules\next\dist\server\lib\router-server.js:426:24)
    at async requestHandlerImpl (E:\pyydemo\ai-chat-interface\node_modules\next\dist\server\lib\router-server.js:450:13)
    at async Server.requestListener (E:\pyydemo\ai-chat-interface\node_modules\next\dist\server\lib\start-server.js:158:13)
[2025-05-15T07:50:07.437Z] [cad-analyzer-analyze] TypeError: Cannot read properties of undefined (reading 'devices')
    at POST (webpack-internal:///(rsc)/./app/api/cad-analyzer/analyze/route.ts:437:28)
    at async AppRouteRouteModule.do (E:\pyydemo\ai-chat-interface\node_modules\next\dist\compiled\next-server\app-route.runtime.dev.js:26:33891)
    at async AppRouteRouteModule.handle (E:\pyydemo\ai-chat-interface\node_modules\next\dist\compiled\next-server\app-route.runtime.dev.js:26:41254)
    at async doRender (E:\pyydemo\ai-chat-interface\node_modules\next\dist\server\base-server.js:1513:42)
    at async DevServer.renderToResponseWithComponentsImpl (E:\pyydemo\ai-chat-interface\node_modules\next\dist\server\base-server.js:1915:28)
    at async DevServer.renderPageComponent (E:\pyydemo\ai-chat-interface\node_modules\next\dist\server\base-server.js:2393:24)
    at async DevServer.renderToResponseImpl (E:\pyydemo\ai-chat-interface\node_modules\next\dist\server\base-server.js:2430:32)
    at async DevServer.pipeImpl (E:\pyydemo\ai-chat-interface\node_modules\next\dist\server\base-server.js:1003:25)
    at async NextNodeServer.handleCatchallRenderRequest (E:\pyydemo\ai-chat-interface\node_modules\next\dist\server\next-server.js:304:17)
    at async DevServer.handleRequestImpl (E:\pyydemo\ai-chat-interface\node_modules\next\dist\server\base-server.js:895:17)
    at async E:\pyydemo\ai-chat-interface\node_modules\next\dist\server\dev\next-dev-server.js:371:20
    at async Span.traceAsyncFn (E:\pyydemo\ai-chat-interface\node_modules\next\dist\trace\trace.js:157:20)
    at async DevServer.handleRequest (E:\pyydemo\ai-chat-interface\node_modules\next\dist\server\dev\next-dev-server.js:368:24)
    at async invokeRender (E:\pyydemo\ai-chat-interface\node_modules\next\dist\server\lib\router-server.js:235:21)
    at async handleRequest (E:\pyydemo\ai-chat-interface\node_modules\next\dist\server\lib\router-server.js:426:24)
    at async requestHandlerImpl (E:\pyydemo\ai-chat-interface\node_modules\next\dist\server\lib\router-server.js:450:13)
    at async Server.requestListener (E:\pyydemo\ai-chat-interface\node_modules\next\dist\server\lib\start-server.js:158:13)
[2025-05-15T09:23:22.001Z] [cad-analyzer-analyze] TypeError: Cannot read properties of undefined (reading 'devices')
    at POST (webpack-internal:///(rsc)/./app/api/cad-analyzer/analyze/route.ts:600:28)
    at async AppRouteRouteModule.do (E:\pyydemo\ai-chat-interface\node_modules\next\dist\compiled\next-server\app-route.runtime.dev.js:26:33891)
    at async AppRouteRouteModule.handle (E:\pyydemo\ai-chat-interface\node_modules\next\dist\compiled\next-server\app-route.runtime.dev.js:26:41254)
    at async doRender (E:\pyydemo\ai-chat-interface\node_modules\next\dist\server\base-server.js:1513:42)
    at async DevServer.renderToResponseWithComponentsImpl (E:\pyydemo\ai-chat-interface\node_modules\next\dist\server\base-server.js:1915:28)
    at async DevServer.renderPageComponent (E:\pyydemo\ai-chat-interface\node_modules\next\dist\server\base-server.js:2393:24)
    at async DevServer.renderToResponseImpl (E:\pyydemo\ai-chat-interface\node_modules\next\dist\server\base-server.js:2430:32)
    at async DevServer.pipeImpl (E:\pyydemo\ai-chat-interface\node_modules\next\dist\server\base-server.js:1003:25)
    at async NextNodeServer.handleCatchallRenderRequest (E:\pyydemo\ai-chat-interface\node_modules\next\dist\server\next-server.js:304:17)
    at async DevServer.handleRequestImpl (E:\pyydemo\ai-chat-interface\node_modules\next\dist\server\base-server.js:895:17)
    at async E:\pyydemo\ai-chat-interface\node_modules\next\dist\server\dev\next-dev-server.js:371:20
    at async Span.traceAsyncFn (E:\pyydemo\ai-chat-interface\node_modules\next\dist\trace\trace.js:157:20)
    at async DevServer.handleRequest (E:\pyydemo\ai-chat-interface\node_modules\next\dist\server\dev\next-dev-server.js:368:24)
    at async invokeRender (E:\pyydemo\ai-chat-interface\node_modules\next\dist\server\lib\router-server.js:235:21)
    at async handleRequest (E:\pyydemo\ai-chat-interface\node_modules\next\dist\server\lib\router-server.js:426:24)
    at async requestHandlerImpl (E:\pyydemo\ai-chat-interface\node_modules\next\dist\server\lib\router-server.js:450:13)
    at async Server.requestListener (E:\pyydemo\ai-chat-interface\node_modules\next\dist\server\lib\start-server.js:158:13)
[2025-05-16T09:00:19.261Z] [cad-analyzer-analyze] TypeError: Cannot create property 'totalDevices' on string 'Request Failed: HTTPSConnectionPool(host='dashscope.aliyuncs.com', port=443): Max retries exceeded with url: /api/v1/services/aigc/text-generation/generation (Caused by ProxyError('Unable to connect to proxy', SSLError(SSLZeroReturnError(6, 'TLS/SSL connection has been closed (EOF) (_ssl.c:1135)'))))'
    at POST (webpack-internal:///(rsc)/./app/api/cad-analyzer/analyze/route.ts:299:37)
    at process.processTicksAndRejections (node:internal/process/task_queues:105:5)
    at async AppRouteRouteModule.do (E:\pyydemo\ai-chat-interface\node_modules\next\dist\compiled\next-server\app-route.runtime.dev.js:26:33891)
    at async AppRouteRouteModule.handle (E:\pyydemo\ai-chat-interface\node_modules\next\dist\compiled\next-server\app-route.runtime.dev.js:26:41254)
    at async doRender (E:\pyydemo\ai-chat-interface\node_modules\next\dist\server\base-server.js:1513:42)
    at async DevServer.renderToResponseWithComponentsImpl (E:\pyydemo\ai-chat-interface\node_modules\next\dist\server\base-server.js:1915:28)
    at async DevServer.renderPageComponent (E:\pyydemo\ai-chat-interface\node_modules\next\dist\server\base-server.js:2393:24)
    at async DevServer.renderToResponseImpl (E:\pyydemo\ai-chat-interface\node_modules\next\dist\server\base-server.js:2430:32)
    at async DevServer.pipeImpl (E:\pyydemo\ai-chat-interface\node_modules\next\dist\server\base-server.js:1003:25)
    at async NextNodeServer.handleCatchallRenderRequest (E:\pyydemo\ai-chat-interface\node_modules\next\dist\server\next-server.js:304:17)
    at async DevServer.handleRequestImpl (E:\pyydemo\ai-chat-interface\node_modules\next\dist\server\base-server.js:895:17)
    at async E:\pyydemo\ai-chat-interface\node_modules\next\dist\server\dev\next-dev-server.js:371:20
    at async Span.traceAsyncFn (E:\pyydemo\ai-chat-interface\node_modules\next\dist\trace\trace.js:157:20)
    at async DevServer.handleRequest (E:\pyydemo\ai-chat-interface\node_modules\next\dist\server\dev\next-dev-server.js:368:24)
    at async invokeRender (E:\pyydemo\ai-chat-interface\node_modules\next\dist\server\lib\router-server.js:235:21)
    at async handleRequest (E:\pyydemo\ai-chat-interface\node_modules\next\dist\server\lib\router-server.js:426:24)
    at async requestHandlerImpl (E:\pyydemo\ai-chat-interface\node_modules\next\dist\server\lib\router-server.js:450:13)
    at async Server.requestListener (E:\pyydemo\ai-chat-interface\node_modules\next\dist\server\lib\start-server.js:158:13)
[2025-05-16T09:04:43.438Z] [cad-analyzer-analyze] TypeError: Cannot create property 'totalDevices' on string 'Request Failed: 400 Client Error: Bad Request for url: https://dashscope.aliyuncs.com/api/v1/services/aigc/text-generation/generation'
    at POST (webpack-internal:///(rsc)/./app/api/cad-analyzer/analyze/route.ts:299:37)
    at process.processTicksAndRejections (node:internal/process/task_queues:105:5)
    at async AppRouteRouteModule.do (E:\pyydemo\ai-chat-interface\node_modules\next\dist\compiled\next-server\app-route.runtime.dev.js:26:33891)
    at async AppRouteRouteModule.handle (E:\pyydemo\ai-chat-interface\node_modules\next\dist\compiled\next-server\app-route.runtime.dev.js:26:41254)
    at async doRender (E:\pyydemo\ai-chat-interface\node_modules\next\dist\server\base-server.js:1513:42)
    at async DevServer.renderToResponseWithComponentsImpl (E:\pyydemo\ai-chat-interface\node_modules\next\dist\server\base-server.js:1915:28)
    at async DevServer.renderPageComponent (E:\pyydemo\ai-chat-interface\node_modules\next\dist\server\base-server.js:2393:24)
    at async DevServer.renderToResponseImpl (E:\pyydemo\ai-chat-interface\node_modules\next\dist\server\base-server.js:2430:32)
    at async DevServer.pipeImpl (E:\pyydemo\ai-chat-interface\node_modules\next\dist\server\base-server.js:1003:25)
    at async NextNodeServer.handleCatchallRenderRequest (E:\pyydemo\ai-chat-interface\node_modules\next\dist\server\next-server.js:304:17)
    at async DevServer.handleRequestImpl (E:\pyydemo\ai-chat-interface\node_modules\next\dist\server\base-server.js:895:17)
    at async E:\pyydemo\ai-chat-interface\node_modules\next\dist\server\dev\next-dev-server.js:371:20
    at async Span.traceAsyncFn (E:\pyydemo\ai-chat-interface\node_modules\next\dist\trace\trace.js:157:20)
    at async DevServer.handleRequest (E:\pyydemo\ai-chat-interface\node_modules\next\dist\server\dev\next-dev-server.js:368:24)
    at async invokeRender (E:\pyydemo\ai-chat-interface\node_modules\next\dist\server\lib\router-server.js:235:21)
    at async handleRequest (E:\pyydemo\ai-chat-interface\node_modules\next\dist\server\lib\router-server.js:426:24)
    at async requestHandlerImpl (E:\pyydemo\ai-chat-interface\node_modules\next\dist\server\lib\router-server.js:450:13)
    at async Server.requestListener (E:\pyydemo\ai-chat-interface\node_modules\next\dist\server\lib\start-server.js:158:13)
[2025-05-21T03:36:56.091Z] [cad-analyzer-analyze] TypeError: The "data" argument must be of type string or an instance of Buffer, TypedArray, or DataView. Received undefined
    at Object.writeFile (node:internal/fs/promises:1198:5)
    at POST (webpack-internal:///(rsc)/./app/api/cad-analyzer/analyze/route.ts:304:66)
    at process.processTicksAndRejections (node:internal/process/task_queues:105:5)
    at async AppRouteRouteModule.do (E:\pyydemo\ai-chat-interface\node_modules\next\dist\compiled\next-server\app-route.runtime.dev.js:26:33891)
    at async AppRouteRouteModule.handle (E:\pyydemo\ai-chat-interface\node_modules\next\dist\compiled\next-server\app-route.runtime.dev.js:26:41254)
    at async doRender (E:\pyydemo\ai-chat-interface\node_modules\next\dist\server\base-server.js:1513:42)
    at async DevServer.renderToResponseWithComponentsImpl (E:\pyydemo\ai-chat-interface\node_modules\next\dist\server\base-server.js:1915:28)
    at async DevServer.renderPageComponent (E:\pyydemo\ai-chat-interface\node_modules\next\dist\server\base-server.js:2393:24)
    at async DevServer.renderToResponseImpl (E:\pyydemo\ai-chat-interface\node_modules\next\dist\server\base-server.js:2430:32)
    at async DevServer.pipeImpl (E:\pyydemo\ai-chat-interface\node_modules\next\dist\server\base-server.js:1003:25)
    at async NextNodeServer.handleCatchallRenderRequest (E:\pyydemo\ai-chat-interface\node_modules\next\dist\server\next-server.js:304:17)
    at async DevServer.handleRequestImpl (E:\pyydemo\ai-chat-interface\node_modules\next\dist\server\base-server.js:895:17)
    at async E:\pyydemo\ai-chat-interface\node_modules\next\dist\server\dev\next-dev-server.js:371:20
    at async Span.traceAsyncFn (E:\pyydemo\ai-chat-interface\node_modules\next\dist\trace\trace.js:157:20)
    at async DevServer.handleRequest (E:\pyydemo\ai-chat-interface\node_modules\next\dist\server\dev\next-dev-server.js:368:24)
    at async invokeRender (E:\pyydemo\ai-chat-interface\node_modules\next\dist\server\lib\router-server.js:235:21)
    at async handleRequest (E:\pyydemo\ai-chat-interface\node_modules\next\dist\server\lib\router-server.js:426:24)
    at async requestHandlerImpl (E:\pyydemo\ai-chat-interface\node_modules\next\dist\server\lib\router-server.js:450:13)
    at async Server.requestListener (E:\pyydemo\ai-chat-interface\node_modules\next\dist\server\lib\start-server.js:158:13)
[2025-05-21T03:41:36.144Z] [cad-analyzer-analyze] TypeError: The "data" argument must be of type string or an instance of Buffer, TypedArray, or DataView. Received undefined
    at Object.writeFile (node:internal/fs/promises:1198:5)
    at POST (webpack-internal:///(rsc)/./app/api/cad-analyzer/analyze/route.ts:304:66)
    at process.processTicksAndRejections (node:internal/process/task_queues:105:5)
    at async AppRouteRouteModule.do (E:\pyydemo\ai-chat-interface\node_modules\next\dist\compiled\next-server\app-route.runtime.dev.js:26:33891)
    at async AppRouteRouteModule.handle (E:\pyydemo\ai-chat-interface\node_modules\next\dist\compiled\next-server\app-route.runtime.dev.js:26:41254)
    at async doRender (E:\pyydemo\ai-chat-interface\node_modules\next\dist\server\base-server.js:1513:42)
    at async DevServer.renderToResponseWithComponentsImpl (E:\pyydemo\ai-chat-interface\node_modules\next\dist\server\base-server.js:1915:28)
    at async DevServer.renderPageComponent (E:\pyydemo\ai-chat-interface\node_modules\next\dist\server\base-server.js:2393:24)
    at async DevServer.renderToResponseImpl (E:\pyydemo\ai-chat-interface\node_modules\next\dist\server\base-server.js:2430:32)
    at async DevServer.pipeImpl (E:\pyydemo\ai-chat-interface\node_modules\next\dist\server\base-server.js:1003:25)
    at async NextNodeServer.handleCatchallRenderRequest (E:\pyydemo\ai-chat-interface\node_modules\next\dist\server\next-server.js:304:17)
    at async DevServer.handleRequestImpl (E:\pyydemo\ai-chat-interface\node_modules\next\dist\server\base-server.js:895:17)
    at async E:\pyydemo\ai-chat-interface\node_modules\next\dist\server\dev\next-dev-server.js:371:20
    at async Span.traceAsyncFn (E:\pyydemo\ai-chat-interface\node_modules\next\dist\trace\trace.js:157:20)
    at async DevServer.handleRequest (E:\pyydemo\ai-chat-interface\node_modules\next\dist\server\dev\next-dev-server.js:368:24)
    at async invokeRender (E:\pyydemo\ai-chat-interface\node_modules\next\dist\server\lib\router-server.js:235:21)
    at async handleRequest (E:\pyydemo\ai-chat-interface\node_modules\next\dist\server\lib\router-server.js:426:24)
    at async requestHandlerImpl (E:\pyydemo\ai-chat-interface\node_modules\next\dist\server\lib\router-server.js:450:13)
    at async Server.requestListener (E:\pyydemo\ai-chat-interface\node_modules\next\dist\server\lib\start-server.js:158:13)
[2025-05-21T03:45:09.460Z] [cad-analyzer-analyze] TypeError: The "data" argument must be of type string or an instance of Buffer, TypedArray, or DataView. Received undefined
    at Object.writeFile (node:internal/fs/promises:1198:5)
    at POST (webpack-internal:///(rsc)/./app/api/cad-analyzer/analyze/route.ts:304:66)
    at process.processTicksAndRejections (node:internal/process/task_queues:105:5)
    at async AppRouteRouteModule.do (E:\pyydemo\ai-chat-interface\node_modules\next\dist\compiled\next-server\app-route.runtime.dev.js:26:33891)
    at async AppRouteRouteModule.handle (E:\pyydemo\ai-chat-interface\node_modules\next\dist\compiled\next-server\app-route.runtime.dev.js:26:41254)
    at async doRender (E:\pyydemo\ai-chat-interface\node_modules\next\dist\server\base-server.js:1513:42)
    at async DevServer.renderToResponseWithComponentsImpl (E:\pyydemo\ai-chat-interface\node_modules\next\dist\server\base-server.js:1915:28)
    at async DevServer.renderPageComponent (E:\pyydemo\ai-chat-interface\node_modules\next\dist\server\base-server.js:2393:24)
    at async DevServer.renderToResponseImpl (E:\pyydemo\ai-chat-interface\node_modules\next\dist\server\base-server.js:2430:32)
    at async DevServer.pipeImpl (E:\pyydemo\ai-chat-interface\node_modules\next\dist\server\base-server.js:1003:25)
    at async NextNodeServer.handleCatchallRenderRequest (E:\pyydemo\ai-chat-interface\node_modules\next\dist\server\next-server.js:304:17)
    at async DevServer.handleRequestImpl (E:\pyydemo\ai-chat-interface\node_modules\next\dist\server\base-server.js:895:17)
    at async E:\pyydemo\ai-chat-interface\node_modules\next\dist\server\dev\next-dev-server.js:371:20
    at async Span.traceAsyncFn (E:\pyydemo\ai-chat-interface\node_modules\next\dist\trace\trace.js:157:20)
    at async DevServer.handleRequest (E:\pyydemo\ai-chat-interface\node_modules\next\dist\server\dev\next-dev-server.js:368:24)
    at async invokeRender (E:\pyydemo\ai-chat-interface\node_modules\next\dist\server\lib\router-server.js:235:21)
    at async handleRequest (E:\pyydemo\ai-chat-interface\node_modules\next\dist\server\lib\router-server.js:426:24)
    at async requestHandlerImpl (E:\pyydemo\ai-chat-interface\node_modules\next\dist\server\lib\router-server.js:450:13)
    at async Server.requestListener (E:\pyydemo\ai-chat-interface\node_modules\next\dist\server\lib\start-server.js:158:13)
[2025-05-21T03:51:30.628Z] [cad-analyzer-analyze] TypeError: The "data" argument must be of type string or an instance of Buffer, TypedArray, or DataView. Received undefined
    at Object.writeFile (node:internal/fs/promises:1198:5)
    at POST (webpack-internal:///(rsc)/./app/api/cad-analyzer/analyze/route.ts:304:66)
    at async AppRouteRouteModule.do (E:\pyydemo\ai-chat-interface\node_modules\next\dist\compiled\next-server\app-route.runtime.dev.js:26:33891)
    at async AppRouteRouteModule.handle (E:\pyydemo\ai-chat-interface\node_modules\next\dist\compiled\next-server\app-route.runtime.dev.js:26:41254)
    at async doRender (E:\pyydemo\ai-chat-interface\node_modules\next\dist\server\base-server.js:1513:42)
    at async DevServer.renderToResponseWithComponentsImpl (E:\pyydemo\ai-chat-interface\node_modules\next\dist\server\base-server.js:1915:28)
    at async DevServer.renderPageComponent (E:\pyydemo\ai-chat-interface\node_modules\next\dist\server\base-server.js:2393:24)
    at async DevServer.renderToResponseImpl (E:\pyydemo\ai-chat-interface\node_modules\next\dist\server\base-server.js:2430:32)
    at async DevServer.pipeImpl (E:\pyydemo\ai-chat-interface\node_modules\next\dist\server\base-server.js:1003:25)
    at async NextNodeServer.handleCatchallRenderRequest (E:\pyydemo\ai-chat-interface\node_modules\next\dist\server\next-server.js:304:17)
    at async DevServer.handleRequestImpl (E:\pyydemo\ai-chat-interface\node_modules\next\dist\server\base-server.js:895:17)
    at async E:\pyydemo\ai-chat-interface\node_modules\next\dist\server\dev\next-dev-server.js:371:20
    at async Span.traceAsyncFn (E:\pyydemo\ai-chat-interface\node_modules\next\dist\trace\trace.js:157:20)
    at async DevServer.handleRequest (E:\pyydemo\ai-chat-interface\node_modules\next\dist\server\dev\next-dev-server.js:368:24)
    at async invokeRender (E:\pyydemo\ai-chat-interface\node_modules\next\dist\server\lib\router-server.js:235:21)
    at async handleRequest (E:\pyydemo\ai-chat-interface\node_modules\next\dist\server\lib\router-server.js:426:24)
    at async requestHandlerImpl (E:\pyydemo\ai-chat-interface\node_modules\next\dist\server\lib\router-server.js:450:13)
    at async Server.requestListener (E:\pyydemo\ai-chat-interface\node_modules\next\dist\server\lib\start-server.js:158:13)
[2025-05-21T03:58:53.179Z] [cad-analyzer-analyze] TypeError: The "data" argument must be of type string or an instance of Buffer, TypedArray, or DataView. Received undefined
    at Object.writeFile (node:internal/fs/promises:1198:5)
    at POST (webpack-internal:///(rsc)/./app/api/cad-analyzer/analyze/route.ts:304:66)
    at async AppRouteRouteModule.do (E:\pyydemo\ai-chat-interface\node_modules\next\dist\compiled\next-server\app-route.runtime.dev.js:26:33891)
    at async AppRouteRouteModule.handle (E:\pyydemo\ai-chat-interface\node_modules\next\dist\compiled\next-server\app-route.runtime.dev.js:26:41254)
    at async doRender (E:\pyydemo\ai-chat-interface\node_modules\next\dist\server\base-server.js:1513:42)
    at async DevServer.renderToResponseWithComponentsImpl (E:\pyydemo\ai-chat-interface\node_modules\next\dist\server\base-server.js:1915:28)
    at async DevServer.renderPageComponent (E:\pyydemo\ai-chat-interface\node_modules\next\dist\server\base-server.js:2393:24)
    at async DevServer.renderToResponseImpl (E:\pyydemo\ai-chat-interface\node_modules\next\dist\server\base-server.js:2430:32)
    at async DevServer.pipeImpl (E:\pyydemo\ai-chat-interface\node_modules\next\dist\server\base-server.js:1003:25)
    at async NextNodeServer.handleCatchallRenderRequest (E:\pyydemo\ai-chat-interface\node_modules\next\dist\server\next-server.js:304:17)
    at async DevServer.handleRequestImpl (E:\pyydemo\ai-chat-interface\node_modules\next\dist\server\base-server.js:895:17)
    at async E:\pyydemo\ai-chat-interface\node_modules\next\dist\server\dev\next-dev-server.js:371:20
    at async Span.traceAsyncFn (E:\pyydemo\ai-chat-interface\node_modules\next\dist\trace\trace.js:157:20)
    at async DevServer.handleRequest (E:\pyydemo\ai-chat-interface\node_modules\next\dist\server\dev\next-dev-server.js:368:24)
    at async invokeRender (E:\pyydemo\ai-chat-interface\node_modules\next\dist\server\lib\router-server.js:235:21)
    at async handleRequest (E:\pyydemo\ai-chat-interface\node_modules\next\dist\server\lib\router-server.js:426:24)
    at async requestHandlerImpl (E:\pyydemo\ai-chat-interface\node_modules\next\dist\server\lib\router-server.js:450:13)
    at async Server.requestListener (E:\pyydemo\ai-chat-interface\node_modules\next\dist\server\lib\start-server.js:158:13)
[2025-05-21T06:52:27.634Z] [cad-analyzer-analyze] TypeError: The "data" argument must be of type string or an instance of Buffer, TypedArray, or DataView. Received undefined
    at Object.writeFile (node:internal/fs/promises:1198:5)
    at POST (webpack-internal:///(rsc)/./app/api/cad-analyzer/analyze/route.ts:304:66)
    at process.processTicksAndRejections (node:internal/process/task_queues:105:5)
    at async AppRouteRouteModule.do (E:\pyydemo\ai-chat-interface\node_modules\next\dist\compiled\next-server\app-route.runtime.dev.js:26:33891)
    at async AppRouteRouteModule.handle (E:\pyydemo\ai-chat-interface\node_modules\next\dist\compiled\next-server\app-route.runtime.dev.js:26:41254)
    at async doRender (E:\pyydemo\ai-chat-interface\node_modules\next\dist\server\base-server.js:1513:42)
    at async DevServer.renderToResponseWithComponentsImpl (E:\pyydemo\ai-chat-interface\node_modules\next\dist\server\base-server.js:1915:28)
    at async DevServer.renderPageComponent (E:\pyydemo\ai-chat-interface\node_modules\next\dist\server\base-server.js:2393:24)
    at async DevServer.renderToResponseImpl (E:\pyydemo\ai-chat-interface\node_modules\next\dist\server\base-server.js:2430:32)
    at async DevServer.pipeImpl (E:\pyydemo\ai-chat-interface\node_modules\next\dist\server\base-server.js:1003:25)
    at async NextNodeServer.handleCatchallRenderRequest (E:\pyydemo\ai-chat-interface\node_modules\next\dist\server\next-server.js:304:17)
    at async DevServer.handleRequestImpl (E:\pyydemo\ai-chat-interface\node_modules\next\dist\server\base-server.js:895:17)
    at async E:\pyydemo\ai-chat-interface\node_modules\next\dist\server\dev\next-dev-server.js:371:20
    at async Span.traceAsyncFn (E:\pyydemo\ai-chat-interface\node_modules\next\dist\trace\trace.js:157:20)
    at async DevServer.handleRequest (E:\pyydemo\ai-chat-interface\node_modules\next\dist\server\dev\next-dev-server.js:368:24)
    at async invokeRender (E:\pyydemo\ai-chat-interface\node_modules\next\dist\server\lib\router-server.js:235:21)
    at async handleRequest (E:\pyydemo\ai-chat-interface\node_modules\next\dist\server\lib\router-server.js:426:24)
    at async requestHandlerImpl (E:\pyydemo\ai-chat-interface\node_modules\next\dist\server\lib\router-server.js:450:13)
    at async Server.requestListener (E:\pyydemo\ai-chat-interface\node_modules\next\dist\server\lib\start-server.js:158:13)
[2025-05-21T06:53:28.605Z] [cad-analyzer-analyze] TypeError: The "data" argument must be of type string or an instance of Buffer, TypedArray, or DataView. Received undefined
    at Object.writeFile (node:internal/fs/promises:1198:5)
    at POST (webpack-internal:///(rsc)/./app/api/cad-analyzer/analyze/route.ts:304:66)
    at process.processTicksAndRejections (node:internal/process/task_queues:105:5)
    at async AppRouteRouteModule.do (E:\pyydemo\ai-chat-interface\node_modules\next\dist\compiled\next-server\app-route.runtime.dev.js:26:33891)
    at async AppRouteRouteModule.handle (E:\pyydemo\ai-chat-interface\node_modules\next\dist\compiled\next-server\app-route.runtime.dev.js:26:41254)
    at async doRender (E:\pyydemo\ai-chat-interface\node_modules\next\dist\server\base-server.js:1513:42)
    at async DevServer.renderToResponseWithComponentsImpl (E:\pyydemo\ai-chat-interface\node_modules\next\dist\server\base-server.js:1915:28)
    at async DevServer.renderPageComponent (E:\pyydemo\ai-chat-interface\node_modules\next\dist\server\base-server.js:2393:24)
    at async DevServer.renderToResponseImpl (E:\pyydemo\ai-chat-interface\node_modules\next\dist\server\base-server.js:2430:32)
    at async DevServer.pipeImpl (E:\pyydemo\ai-chat-interface\node_modules\next\dist\server\base-server.js:1003:25)
    at async NextNodeServer.handleCatchallRenderRequest (E:\pyydemo\ai-chat-interface\node_modules\next\dist\server\next-server.js:304:17)
    at async DevServer.handleRequestImpl (E:\pyydemo\ai-chat-interface\node_modules\next\dist\server\base-server.js:895:17)
    at async E:\pyydemo\ai-chat-interface\node_modules\next\dist\server\dev\next-dev-server.js:371:20
    at async Span.traceAsyncFn (E:\pyydemo\ai-chat-interface\node_modules\next\dist\trace\trace.js:157:20)
    at async DevServer.handleRequest (E:\pyydemo\ai-chat-interface\node_modules\next\dist\server\dev\next-dev-server.js:368:24)
    at async invokeRender (E:\pyydemo\ai-chat-interface\node_modules\next\dist\server\lib\router-server.js:235:21)
    at async handleRequest (E:\pyydemo\ai-chat-interface\node_modules\next\dist\server\lib\router-server.js:426:24)
    at async requestHandlerImpl (E:\pyydemo\ai-chat-interface\node_modules\next\dist\server\lib\router-server.js:450:13)
    at async Server.requestListener (E:\pyydemo\ai-chat-interface\node_modules\next\dist\server\lib\start-server.js:158:13)
[2025-05-21T06:56:44.012Z] [cad-analyzer-analyze] TypeError: The "data" argument must be of type string or an instance of Buffer, TypedArray, or DataView. Received undefined
    at Object.writeFile (node:internal/fs/promises:1198:5)
    at POST (webpack-internal:///(rsc)/./app/api/cad-analyzer/analyze/route.ts:304:66)
    at process.processTicksAndRejections (node:internal/process/task_queues:105:5)
    at async AppRouteRouteModule.do (E:\pyydemo\ai-chat-interface\node_modules\next\dist\compiled\next-server\app-route.runtime.dev.js:26:33891)
    at async AppRouteRouteModule.handle (E:\pyydemo\ai-chat-interface\node_modules\next\dist\compiled\next-server\app-route.runtime.dev.js:26:41254)
    at async doRender (E:\pyydemo\ai-chat-interface\node_modules\next\dist\server\base-server.js:1513:42)
    at async DevServer.renderToResponseWithComponentsImpl (E:\pyydemo\ai-chat-interface\node_modules\next\dist\server\base-server.js:1915:28)
    at async DevServer.renderPageComponent (E:\pyydemo\ai-chat-interface\node_modules\next\dist\server\base-server.js:2393:24)
    at async DevServer.renderToResponseImpl (E:\pyydemo\ai-chat-interface\node_modules\next\dist\server\base-server.js:2430:32)
    at async DevServer.pipeImpl (E:\pyydemo\ai-chat-interface\node_modules\next\dist\server\base-server.js:1003:25)
    at async NextNodeServer.handleCatchallRenderRequest (E:\pyydemo\ai-chat-interface\node_modules\next\dist\server\next-server.js:304:17)
    at async DevServer.handleRequestImpl (E:\pyydemo\ai-chat-interface\node_modules\next\dist\server\base-server.js:895:17)
    at async E:\pyydemo\ai-chat-interface\node_modules\next\dist\server\dev\next-dev-server.js:371:20
    at async Span.traceAsyncFn (E:\pyydemo\ai-chat-interface\node_modules\next\dist\trace\trace.js:157:20)
    at async DevServer.handleRequest (E:\pyydemo\ai-chat-interface\node_modules\next\dist\server\dev\next-dev-server.js:368:24)
    at async invokeRender (E:\pyydemo\ai-chat-interface\node_modules\next\dist\server\lib\router-server.js:235:21)
    at async handleRequest (E:\pyydemo\ai-chat-interface\node_modules\next\dist\server\lib\router-server.js:426:24)
    at async requestHandlerImpl (E:\pyydemo\ai-chat-interface\node_modules\next\dist\server\lib\router-server.js:450:13)
    at async Server.requestListener (E:\pyydemo\ai-chat-interface\node_modules\next\dist\server\lib\start-server.js:158:13)
[2025-05-21T07:09:28.552Z] [cad-analyzer-analyze] TypeError: The "data" argument must be of type string or an instance of Buffer, TypedArray, or DataView. Received undefined
    at Object.writeFile (node:internal/fs/promises:1198:5)
    at POST (webpack-internal:///(rsc)/./app/api/cad-analyzer/analyze/route.ts:304:66)
    at process.processTicksAndRejections (node:internal/process/task_queues:105:5)
    at async AppRouteRouteModule.do (E:\pyydemo\ai-chat-interface\node_modules\next\dist\compiled\next-server\app-route.runtime.dev.js:26:33891)
    at async AppRouteRouteModule.handle (E:\pyydemo\ai-chat-interface\node_modules\next\dist\compiled\next-server\app-route.runtime.dev.js:26:41254)
    at async doRender (E:\pyydemo\ai-chat-interface\node_modules\next\dist\server\base-server.js:1513:42)
    at async DevServer.renderToResponseWithComponentsImpl (E:\pyydemo\ai-chat-interface\node_modules\next\dist\server\base-server.js:1915:28)
    at async DevServer.renderPageComponent (E:\pyydemo\ai-chat-interface\node_modules\next\dist\server\base-server.js:2393:24)
    at async DevServer.renderToResponseImpl (E:\pyydemo\ai-chat-interface\node_modules\next\dist\server\base-server.js:2430:32)
    at async DevServer.pipeImpl (E:\pyydemo\ai-chat-interface\node_modules\next\dist\server\base-server.js:1003:25)
    at async NextNodeServer.handleCatchallRenderRequest (E:\pyydemo\ai-chat-interface\node_modules\next\dist\server\next-server.js:304:17)
    at async DevServer.handleRequestImpl (E:\pyydemo\ai-chat-interface\node_modules\next\dist\server\base-server.js:895:17)
    at async E:\pyydemo\ai-chat-interface\node_modules\next\dist\server\dev\next-dev-server.js:371:20
    at async Span.traceAsyncFn (E:\pyydemo\ai-chat-interface\node_modules\next\dist\trace\trace.js:157:20)
    at async DevServer.handleRequest (E:\pyydemo\ai-chat-interface\node_modules\next\dist\server\dev\next-dev-server.js:368:24)
    at async invokeRender (E:\pyydemo\ai-chat-interface\node_modules\next\dist\server\lib\router-server.js:235:21)
    at async handleRequest (E:\pyydemo\ai-chat-interface\node_modules\next\dist\server\lib\router-server.js:426:24)
    at async requestHandlerImpl (E:\pyydemo\ai-chat-interface\node_modules\next\dist\server\lib\router-server.js:450:13)
    at async Server.requestListener (E:\pyydemo\ai-chat-interface\node_modules\next\dist\server\lib\start-server.js:158:13)
[2025-05-21T07:28:20.325Z] [cad-analyzer-analyze] TypeError: The "data" argument must be of type string or an instance of Buffer, TypedArray, or DataView. Received undefined
    at Object.writeFile (node:internal/fs/promises:1198:5)
    at POST (webpack-internal:///(rsc)/./app/api/cad-analyzer/analyze/route.ts:304:66)
    at process.processTicksAndRejections (node:internal/process/task_queues:105:5)
    at async AppRouteRouteModule.do (E:\pyydemo\ai-chat-interface\node_modules\next\dist\compiled\next-server\app-route.runtime.dev.js:26:33891)
    at async AppRouteRouteModule.handle (E:\pyydemo\ai-chat-interface\node_modules\next\dist\compiled\next-server\app-route.runtime.dev.js:26:41254)
    at async doRender (E:\pyydemo\ai-chat-interface\node_modules\next\dist\server\base-server.js:1513:42)
    at async DevServer.renderToResponseWithComponentsImpl (E:\pyydemo\ai-chat-interface\node_modules\next\dist\server\base-server.js:1915:28)
    at async DevServer.renderPageComponent (E:\pyydemo\ai-chat-interface\node_modules\next\dist\server\base-server.js:2393:24)
    at async DevServer.renderToResponseImpl (E:\pyydemo\ai-chat-interface\node_modules\next\dist\server\base-server.js:2430:32)
    at async DevServer.pipeImpl (E:\pyydemo\ai-chat-interface\node_modules\next\dist\server\base-server.js:1003:25)
    at async NextNodeServer.handleCatchallRenderRequest (E:\pyydemo\ai-chat-interface\node_modules\next\dist\server\next-server.js:304:17)
    at async DevServer.handleRequestImpl (E:\pyydemo\ai-chat-interface\node_modules\next\dist\server\base-server.js:895:17)
    at async E:\pyydemo\ai-chat-interface\node_modules\next\dist\server\dev\next-dev-server.js:371:20
    at async Span.traceAsyncFn (E:\pyydemo\ai-chat-interface\node_modules\next\dist\trace\trace.js:157:20)
    at async DevServer.handleRequest (E:\pyydemo\ai-chat-interface\node_modules\next\dist\server\dev\next-dev-server.js:368:24)
    at async invokeRender (E:\pyydemo\ai-chat-interface\node_modules\next\dist\server\lib\router-server.js:235:21)
    at async handleRequest (E:\pyydemo\ai-chat-interface\node_modules\next\dist\server\lib\router-server.js:426:24)
    at async requestHandlerImpl (E:\pyydemo\ai-chat-interface\node_modules\next\dist\server\lib\router-server.js:450:13)
    at async Server.requestListener (E:\pyydemo\ai-chat-interface\node_modules\next\dist\server\lib\start-server.js:158:13)
[2025-05-21T07:28:44.159Z] [cad-analyzer-analyze] TypeError: The "data" argument must be of type string or an instance of Buffer, TypedArray, or DataView. Received undefined
    at Object.writeFile (node:internal/fs/promises:1198:5)
    at POST (webpack-internal:///(rsc)/./app/api/cad-analyzer/analyze/route.ts:304:66)
    at process.processTicksAndRejections (node:internal/process/task_queues:105:5)
    at async AppRouteRouteModule.do (E:\pyydemo\ai-chat-interface\node_modules\next\dist\compiled\next-server\app-route.runtime.dev.js:26:33891)
    at async AppRouteRouteModule.handle (E:\pyydemo\ai-chat-interface\node_modules\next\dist\compiled\next-server\app-route.runtime.dev.js:26:41254)
    at async doRender (E:\pyydemo\ai-chat-interface\node_modules\next\dist\server\base-server.js:1513:42)
    at async DevServer.renderToResponseWithComponentsImpl (E:\pyydemo\ai-chat-interface\node_modules\next\dist\server\base-server.js:1915:28)
    at async DevServer.renderPageComponent (E:\pyydemo\ai-chat-interface\node_modules\next\dist\server\base-server.js:2393:24)
    at async DevServer.renderToResponseImpl (E:\pyydemo\ai-chat-interface\node_modules\next\dist\server\base-server.js:2430:32)
    at async DevServer.pipeImpl (E:\pyydemo\ai-chat-interface\node_modules\next\dist\server\base-server.js:1003:25)
    at async NextNodeServer.handleCatchallRenderRequest (E:\pyydemo\ai-chat-interface\node_modules\next\dist\server\next-server.js:304:17)
    at async DevServer.handleRequestImpl (E:\pyydemo\ai-chat-interface\node_modules\next\dist\server\base-server.js:895:17)
    at async E:\pyydemo\ai-chat-interface\node_modules\next\dist\server\dev\next-dev-server.js:371:20
    at async Span.traceAsyncFn (E:\pyydemo\ai-chat-interface\node_modules\next\dist\trace\trace.js:157:20)
    at async DevServer.handleRequest (E:\pyydemo\ai-chat-interface\node_modules\next\dist\server\dev\next-dev-server.js:368:24)
    at async invokeRender (E:\pyydemo\ai-chat-interface\node_modules\next\dist\server\lib\router-server.js:235:21)
    at async handleRequest (E:\pyydemo\ai-chat-interface\node_modules\next\dist\server\lib\router-server.js:426:24)
    at async requestHandlerImpl (E:\pyydemo\ai-chat-interface\node_modules\next\dist\server\lib\router-server.js:450:13)
    at async Server.requestListener (E:\pyydemo\ai-chat-interface\node_modules\next\dist\server\lib\start-server.js:158:13)
[2025-05-21T07:32:11.609Z] [cad-analyzer-analyze] TypeError: The "data" argument must be of type string or an instance of Buffer, TypedArray, or DataView. Received undefined
    at Object.writeFile (node:internal/fs/promises:1198:5)
    at POST (webpack-internal:///(rsc)/./app/api/cad-analyzer/analyze/route.ts:304:66)
    at process.processTicksAndRejections (node:internal/process/task_queues:105:5)
    at async AppRouteRouteModule.do (E:\pyydemo\ai-chat-interface\node_modules\next\dist\compiled\next-server\app-route.runtime.dev.js:26:33891)
    at async AppRouteRouteModule.handle (E:\pyydemo\ai-chat-interface\node_modules\next\dist\compiled\next-server\app-route.runtime.dev.js:26:41254)
    at async doRender (E:\pyydemo\ai-chat-interface\node_modules\next\dist\server\base-server.js:1513:42)
    at async DevServer.renderToResponseWithComponentsImpl (E:\pyydemo\ai-chat-interface\node_modules\next\dist\server\base-server.js:1915:28)
    at async DevServer.renderPageComponent (E:\pyydemo\ai-chat-interface\node_modules\next\dist\server\base-server.js:2393:24)
    at async DevServer.renderToResponseImpl (E:\pyydemo\ai-chat-interface\node_modules\next\dist\server\base-server.js:2430:32)
    at async DevServer.pipeImpl (E:\pyydemo\ai-chat-interface\node_modules\next\dist\server\base-server.js:1003:25)
    at async NextNodeServer.handleCatchallRenderRequest (E:\pyydemo\ai-chat-interface\node_modules\next\dist\server\next-server.js:304:17)
    at async DevServer.handleRequestImpl (E:\pyydemo\ai-chat-interface\node_modules\next\dist\server\base-server.js:895:17)
    at async E:\pyydemo\ai-chat-interface\node_modules\next\dist\server\dev\next-dev-server.js:371:20
    at async Span.traceAsyncFn (E:\pyydemo\ai-chat-interface\node_modules\next\dist\trace\trace.js:157:20)
    at async DevServer.handleRequest (E:\pyydemo\ai-chat-interface\node_modules\next\dist\server\dev\next-dev-server.js:368:24)
    at async invokeRender (E:\pyydemo\ai-chat-interface\node_modules\next\dist\server\lib\router-server.js:235:21)
    at async handleRequest (E:\pyydemo\ai-chat-interface\node_modules\next\dist\server\lib\router-server.js:426:24)
    at async requestHandlerImpl (E:\pyydemo\ai-chat-interface\node_modules\next\dist\server\lib\router-server.js:450:13)
    at async Server.requestListener (E:\pyydemo\ai-chat-interface\node_modules\next\dist\server\lib\start-server.js:158:13)
[2025-05-21T07:35:37.597Z] [cad-analyzer-analyze] TypeError: The "data" argument must be of type string or an instance of Buffer, TypedArray, or DataView. Received undefined
    at Object.writeFile (node:internal/fs/promises:1198:5)
    at POST (webpack-internal:///(rsc)/./app/api/cad-analyzer/analyze/route.ts:304:66)
    at process.processTicksAndRejections (node:internal/process/task_queues:105:5)
    at async AppRouteRouteModule.do (E:\pyydemo\ai-chat-interface\node_modules\next\dist\compiled\next-server\app-route.runtime.dev.js:26:33891)
    at async AppRouteRouteModule.handle (E:\pyydemo\ai-chat-interface\node_modules\next\dist\compiled\next-server\app-route.runtime.dev.js:26:41254)
    at async doRender (E:\pyydemo\ai-chat-interface\node_modules\next\dist\server\base-server.js:1513:42)
    at async DevServer.renderToResponseWithComponentsImpl (E:\pyydemo\ai-chat-interface\node_modules\next\dist\server\base-server.js:1915:28)
    at async DevServer.renderPageComponent (E:\pyydemo\ai-chat-interface\node_modules\next\dist\server\base-server.js:2393:24)
    at async DevServer.renderToResponseImpl (E:\pyydemo\ai-chat-interface\node_modules\next\dist\server\base-server.js:2430:32)
    at async DevServer.pipeImpl (E:\pyydemo\ai-chat-interface\node_modules\next\dist\server\base-server.js:1003:25)
    at async NextNodeServer.handleCatchallRenderRequest (E:\pyydemo\ai-chat-interface\node_modules\next\dist\server\next-server.js:304:17)
    at async DevServer.handleRequestImpl (E:\pyydemo\ai-chat-interface\node_modules\next\dist\server\base-server.js:895:17)
    at async E:\pyydemo\ai-chat-interface\node_modules\next\dist\server\dev\next-dev-server.js:371:20
    at async Span.traceAsyncFn (E:\pyydemo\ai-chat-interface\node_modules\next\dist\trace\trace.js:157:20)
    at async DevServer.handleRequest (E:\pyydemo\ai-chat-interface\node_modules\next\dist\server\dev\next-dev-server.js:368:24)
    at async invokeRender (E:\pyydemo\ai-chat-interface\node_modules\next\dist\server\lib\router-server.js:235:21)
    at async handleRequest (E:\pyydemo\ai-chat-interface\node_modules\next\dist\server\lib\router-server.js:426:24)
    at async requestHandlerImpl (E:\pyydemo\ai-chat-interface\node_modules\next\dist\server\lib\router-server.js:450:13)
    at async Server.requestListener (E:\pyydemo\ai-chat-interface\node_modules\next\dist\server\lib\start-server.js:158:13)
[2025-05-21T07:38:04.713Z] [cad-analyzer-analyze] TypeError: The "data" argument must be of type string or an instance of Buffer, TypedArray, or DataView. Received undefined
    at Object.writeFile (node:internal/fs/promises:1198:5)
    at POST (webpack-internal:///(rsc)/./app/api/cad-analyzer/analyze/route.ts:304:66)
    at process.processTicksAndRejections (node:internal/process/task_queues:105:5)
    at async AppRouteRouteModule.do (E:\pyydemo\ai-chat-interface\node_modules\next\dist\compiled\next-server\app-route.runtime.dev.js:26:33891)
    at async AppRouteRouteModule.handle (E:\pyydemo\ai-chat-interface\node_modules\next\dist\compiled\next-server\app-route.runtime.dev.js:26:41254)
    at async doRender (E:\pyydemo\ai-chat-interface\node_modules\next\dist\server\base-server.js:1513:42)
    at async DevServer.renderToResponseWithComponentsImpl (E:\pyydemo\ai-chat-interface\node_modules\next\dist\server\base-server.js:1915:28)
    at async DevServer.renderPageComponent (E:\pyydemo\ai-chat-interface\node_modules\next\dist\server\base-server.js:2393:24)
    at async DevServer.renderToResponseImpl (E:\pyydemo\ai-chat-interface\node_modules\next\dist\server\base-server.js:2430:32)
    at async DevServer.pipeImpl (E:\pyydemo\ai-chat-interface\node_modules\next\dist\server\base-server.js:1003:25)
    at async NextNodeServer.handleCatchallRenderRequest (E:\pyydemo\ai-chat-interface\node_modules\next\dist\server\next-server.js:304:17)
    at async DevServer.handleRequestImpl (E:\pyydemo\ai-chat-interface\node_modules\next\dist\server\base-server.js:895:17)
    at async E:\pyydemo\ai-chat-interface\node_modules\next\dist\server\dev\next-dev-server.js:371:20
    at async Span.traceAsyncFn (E:\pyydemo\ai-chat-interface\node_modules\next\dist\trace\trace.js:157:20)
    at async DevServer.handleRequest (E:\pyydemo\ai-chat-interface\node_modules\next\dist\server\dev\next-dev-server.js:368:24)
    at async invokeRender (E:\pyydemo\ai-chat-interface\node_modules\next\dist\server\lib\router-server.js:235:21)
    at async handleRequest (E:\pyydemo\ai-chat-interface\node_modules\next\dist\server\lib\router-server.js:426:24)
    at async requestHandlerImpl (E:\pyydemo\ai-chat-interface\node_modules\next\dist\server\lib\router-server.js:450:13)
    at async Server.requestListener (E:\pyydemo\ai-chat-interface\node_modules\next\dist\server\lib\start-server.js:158:13)
[2025-05-21T07:44:17.591Z] [cad-analyzer-analyze] TypeError: The "data" argument must be of type string or an instance of Buffer, TypedArray, or DataView. Received undefined
    at Object.writeFile (node:internal/fs/promises:1198:5)
    at POST (webpack-internal:///(rsc)/./app/api/cad-analyzer/analyze/route.ts:304:66)
    at async AppRouteRouteModule.do (E:\pyydemo\ai-chat-interface\node_modules\next\dist\compiled\next-server\app-route.runtime.dev.js:26:33891)
    at async AppRouteRouteModule.handle (E:\pyydemo\ai-chat-interface\node_modules\next\dist\compiled\next-server\app-route.runtime.dev.js:26:41254)
    at async doRender (E:\pyydemo\ai-chat-interface\node_modules\next\dist\server\base-server.js:1513:42)
    at async DevServer.renderToResponseWithComponentsImpl (E:\pyydemo\ai-chat-interface\node_modules\next\dist\server\base-server.js:1915:28)
    at async DevServer.renderPageComponent (E:\pyydemo\ai-chat-interface\node_modules\next\dist\server\base-server.js:2393:24)
    at async DevServer.renderToResponseImpl (E:\pyydemo\ai-chat-interface\node_modules\next\dist\server\base-server.js:2430:32)
    at async DevServer.pipeImpl (E:\pyydemo\ai-chat-interface\node_modules\next\dist\server\base-server.js:1003:25)
    at async NextNodeServer.handleCatchallRenderRequest (E:\pyydemo\ai-chat-interface\node_modules\next\dist\server\next-server.js:304:17)
    at async DevServer.handleRequestImpl (E:\pyydemo\ai-chat-interface\node_modules\next\dist\server\base-server.js:895:17)
    at async E:\pyydemo\ai-chat-interface\node_modules\next\dist\server\dev\next-dev-server.js:371:20
    at async Span.traceAsyncFn (E:\pyydemo\ai-chat-interface\node_modules\next\dist\trace\trace.js:157:20)
    at async DevServer.handleRequest (E:\pyydemo\ai-chat-interface\node_modules\next\dist\server\dev\next-dev-server.js:368:24)
    at async invokeRender (E:\pyydemo\ai-chat-interface\node_modules\next\dist\server\lib\router-server.js:235:21)
    at async handleRequest (E:\pyydemo\ai-chat-interface\node_modules\next\dist\server\lib\router-server.js:426:24)
    at async requestHandlerImpl (E:\pyydemo\ai-chat-interface\node_modules\next\dist\server\lib\router-server.js:450:13)
    at async Server.requestListener (E:\pyydemo\ai-chat-interface\node_modules\next\dist\server\lib\start-server.js:158:13)
[2025-05-21T07:50:52.878Z] [cad-analyzer-analyze] TypeError: The "data" argument must be of type string or an instance of Buffer, TypedArray, or DataView. Received undefined
    at Object.writeFile (node:internal/fs/promises:1198:5)
    at POST (webpack-internal:///(rsc)/./app/api/cad-analyzer/analyze/route.ts:304:66)
    at process.processTicksAndRejections (node:internal/process/task_queues:105:5)
    at async AppRouteRouteModule.do (E:\pyydemo\ai-chat-interface\node_modules\next\dist\compiled\next-server\app-route.runtime.dev.js:26:33891)
    at async AppRouteRouteModule.handle (E:\pyydemo\ai-chat-interface\node_modules\next\dist\compiled\next-server\app-route.runtime.dev.js:26:41254)
    at async doRender (E:\pyydemo\ai-chat-interface\node_modules\next\dist\server\base-server.js:1513:42)
    at async DevServer.renderToResponseWithComponentsImpl (E:\pyydemo\ai-chat-interface\node_modules\next\dist\server\base-server.js:1915:28)
    at async DevServer.renderPageComponent (E:\pyydemo\ai-chat-interface\node_modules\next\dist\server\base-server.js:2393:24)
    at async DevServer.renderToResponseImpl (E:\pyydemo\ai-chat-interface\node_modules\next\dist\server\base-server.js:2430:32)
    at async DevServer.pipeImpl (E:\pyydemo\ai-chat-interface\node_modules\next\dist\server\base-server.js:1003:25)
    at async NextNodeServer.handleCatchallRenderRequest (E:\pyydemo\ai-chat-interface\node_modules\next\dist\server\next-server.js:304:17)
    at async DevServer.handleRequestImpl (E:\pyydemo\ai-chat-interface\node_modules\next\dist\server\base-server.js:895:17)
    at async E:\pyydemo\ai-chat-interface\node_modules\next\dist\server\dev\next-dev-server.js:371:20
    at async Span.traceAsyncFn (E:\pyydemo\ai-chat-interface\node_modules\next\dist\trace\trace.js:157:20)
    at async DevServer.handleRequest (E:\pyydemo\ai-chat-interface\node_modules\next\dist\server\dev\next-dev-server.js:368:24)
    at async invokeRender (E:\pyydemo\ai-chat-interface\node_modules\next\dist\server\lib\router-server.js:235:21)
    at async handleRequest (E:\pyydemo\ai-chat-interface\node_modules\next\dist\server\lib\router-server.js:426:24)
    at async requestHandlerImpl (E:\pyydemo\ai-chat-interface\node_modules\next\dist\server\lib\router-server.js:450:13)
    at async Server.requestListener (E:\pyydemo\ai-chat-interface\node_modules\next\dist\server\lib\start-server.js:158:13)
[2025-05-21T07:52:18.088Z] [cad-analyzer-analyze] TypeError: The "data" argument must be of type string or an instance of Buffer, TypedArray, or DataView. Received undefined
    at Object.writeFile (node:internal/fs/promises:1198:5)
    at POST (webpack-internal:///(rsc)/./app/api/cad-analyzer/analyze/route.ts:304:66)
    at process.processTicksAndRejections (node:internal/process/task_queues:105:5)
    at async AppRouteRouteModule.do (E:\pyydemo\ai-chat-interface\node_modules\next\dist\compiled\next-server\app-route.runtime.dev.js:26:33891)
    at async AppRouteRouteModule.handle (E:\pyydemo\ai-chat-interface\node_modules\next\dist\compiled\next-server\app-route.runtime.dev.js:26:41254)
    at async doRender (E:\pyydemo\ai-chat-interface\node_modules\next\dist\server\base-server.js:1513:42)
    at async DevServer.renderToResponseWithComponentsImpl (E:\pyydemo\ai-chat-interface\node_modules\next\dist\server\base-server.js:1915:28)
    at async DevServer.renderPageComponent (E:\pyydemo\ai-chat-interface\node_modules\next\dist\server\base-server.js:2393:24)
    at async DevServer.renderToResponseImpl (E:\pyydemo\ai-chat-interface\node_modules\next\dist\server\base-server.js:2430:32)
    at async DevServer.pipeImpl (E:\pyydemo\ai-chat-interface\node_modules\next\dist\server\base-server.js:1003:25)
    at async NextNodeServer.handleCatchallRenderRequest (E:\pyydemo\ai-chat-interface\node_modules\next\dist\server\next-server.js:304:17)
    at async DevServer.handleRequestImpl (E:\pyydemo\ai-chat-interface\node_modules\next\dist\server\base-server.js:895:17)
    at async E:\pyydemo\ai-chat-interface\node_modules\next\dist\server\dev\next-dev-server.js:371:20
    at async Span.traceAsyncFn (E:\pyydemo\ai-chat-interface\node_modules\next\dist\trace\trace.js:157:20)
    at async DevServer.handleRequest (E:\pyydemo\ai-chat-interface\node_modules\next\dist\server\dev\next-dev-server.js:368:24)
    at async invokeRender (E:\pyydemo\ai-chat-interface\node_modules\next\dist\server\lib\router-server.js:235:21)
    at async handleRequest (E:\pyydemo\ai-chat-interface\node_modules\next\dist\server\lib\router-server.js:426:24)
    at async requestHandlerImpl (E:\pyydemo\ai-chat-interface\node_modules\next\dist\server\lib\router-server.js:450:13)
    at async Server.requestListener (E:\pyydemo\ai-chat-interface\node_modules\next\dist\server\lib\start-server.js:158:13)
[2025-05-21T07:53:13.198Z] [cad-analyzer-analyze] TypeError: The "data" argument must be of type string or an instance of Buffer, TypedArray, or DataView. Received undefined
    at Object.writeFile (node:internal/fs/promises:1198:5)
    at POST (webpack-internal:///(rsc)/./app/api/cad-analyzer/analyze/route.ts:304:66)
    at process.processTicksAndRejections (node:internal/process/task_queues:105:5)
    at async AppRouteRouteModule.do (E:\pyydemo\ai-chat-interface\node_modules\next\dist\compiled\next-server\app-route.runtime.dev.js:26:33891)
    at async AppRouteRouteModule.handle (E:\pyydemo\ai-chat-interface\node_modules\next\dist\compiled\next-server\app-route.runtime.dev.js:26:41254)
    at async doRender (E:\pyydemo\ai-chat-interface\node_modules\next\dist\server\base-server.js:1513:42)
    at async DevServer.renderToResponseWithComponentsImpl (E:\pyydemo\ai-chat-interface\node_modules\next\dist\server\base-server.js:1915:28)
    at async DevServer.renderPageComponent (E:\pyydemo\ai-chat-interface\node_modules\next\dist\server\base-server.js:2393:24)
    at async DevServer.renderToResponseImpl (E:\pyydemo\ai-chat-interface\node_modules\next\dist\server\base-server.js:2430:32)
    at async DevServer.pipeImpl (E:\pyydemo\ai-chat-interface\node_modules\next\dist\server\base-server.js:1003:25)
    at async NextNodeServer.handleCatchallRenderRequest (E:\pyydemo\ai-chat-interface\node_modules\next\dist\server\next-server.js:304:17)
    at async DevServer.handleRequestImpl (E:\pyydemo\ai-chat-interface\node_modules\next\dist\server\base-server.js:895:17)
    at async E:\pyydemo\ai-chat-interface\node_modules\next\dist\server\dev\next-dev-server.js:371:20
    at async Span.traceAsyncFn (E:\pyydemo\ai-chat-interface\node_modules\next\dist\trace\trace.js:157:20)
    at async DevServer.handleRequest (E:\pyydemo\ai-chat-interface\node_modules\next\dist\server\dev\next-dev-server.js:368:24)
    at async invokeRender (E:\pyydemo\ai-chat-interface\node_modules\next\dist\server\lib\router-server.js:235:21)
    at async handleRequest (E:\pyydemo\ai-chat-interface\node_modules\next\dist\server\lib\router-server.js:426:24)
    at async requestHandlerImpl (E:\pyydemo\ai-chat-interface\node_modules\next\dist\server\lib\router-server.js:450:13)
    at async Server.requestListener (E:\pyydemo\ai-chat-interface\node_modules\next\dist\server\lib\start-server.js:158:13)
[2025-05-21T07:57:52.249Z] [cad-analyzer-analyze] TypeError: The "data" argument must be of type string or an instance of Buffer, TypedArray, or DataView. Received undefined
    at Object.writeFile (node:internal/fs/promises:1198:5)
    at POST (webpack-internal:///(rsc)/./app/api/cad-analyzer/analyze/route.ts:304:66)
    at process.processTicksAndRejections (node:internal/process/task_queues:105:5)
    at async AppRouteRouteModule.do (E:\pyydemo\ai-chat-interface\node_modules\next\dist\compiled\next-server\app-route.runtime.dev.js:26:33891)
    at async AppRouteRouteModule.handle (E:\pyydemo\ai-chat-interface\node_modules\next\dist\compiled\next-server\app-route.runtime.dev.js:26:41254)
    at async doRender (E:\pyydemo\ai-chat-interface\node_modules\next\dist\server\base-server.js:1513:42)
    at async DevServer.renderToResponseWithComponentsImpl (E:\pyydemo\ai-chat-interface\node_modules\next\dist\server\base-server.js:1915:28)
    at async DevServer.renderPageComponent (E:\pyydemo\ai-chat-interface\node_modules\next\dist\server\base-server.js:2393:24)
    at async DevServer.renderToResponseImpl (E:\pyydemo\ai-chat-interface\node_modules\next\dist\server\base-server.js:2430:32)
    at async DevServer.pipeImpl (E:\pyydemo\ai-chat-interface\node_modules\next\dist\server\base-server.js:1003:25)
    at async NextNodeServer.handleCatchallRenderRequest (E:\pyydemo\ai-chat-interface\node_modules\next\dist\server\next-server.js:304:17)
    at async DevServer.handleRequestImpl (E:\pyydemo\ai-chat-interface\node_modules\next\dist\server\base-server.js:895:17)
    at async E:\pyydemo\ai-chat-interface\node_modules\next\dist\server\dev\next-dev-server.js:371:20
    at async Span.traceAsyncFn (E:\pyydemo\ai-chat-interface\node_modules\next\dist\trace\trace.js:157:20)
    at async DevServer.handleRequest (E:\pyydemo\ai-chat-interface\node_modules\next\dist\server\dev\next-dev-server.js:368:24)
    at async invokeRender (E:\pyydemo\ai-chat-interface\node_modules\next\dist\server\lib\router-server.js:235:21)
    at async handleRequest (E:\pyydemo\ai-chat-interface\node_modules\next\dist\server\lib\router-server.js:426:24)
    at async requestHandlerImpl (E:\pyydemo\ai-chat-interface\node_modules\next\dist\server\lib\router-server.js:450:13)
    at async Server.requestListener (E:\pyydemo\ai-chat-interface\node_modules\next\dist\server\lib\start-server.js:158:13)
[2025-05-21T07:58:52.078Z] [cad-analyzer-analyze] TypeError: The "data" argument must be of type string or an instance of Buffer, TypedArray, or DataView. Received undefined
    at Object.writeFile (node:internal/fs/promises:1198:5)
    at POST (webpack-internal:///(rsc)/./app/api/cad-analyzer/analyze/route.ts:304:66)
    at async AppRouteRouteModule.do (E:\pyydemo\ai-chat-interface\node_modules\next\dist\compiled\next-server\app-route.runtime.dev.js:26:33891)
    at async AppRouteRouteModule.handle (E:\pyydemo\ai-chat-interface\node_modules\next\dist\compiled\next-server\app-route.runtime.dev.js:26:41254)
    at async doRender (E:\pyydemo\ai-chat-interface\node_modules\next\dist\server\base-server.js:1513:42)
    at async DevServer.renderToResponseWithComponentsImpl (E:\pyydemo\ai-chat-interface\node_modules\next\dist\server\base-server.js:1915:28)
    at async DevServer.renderPageComponent (E:\pyydemo\ai-chat-interface\node_modules\next\dist\server\base-server.js:2393:24)
    at async DevServer.renderToResponseImpl (E:\pyydemo\ai-chat-interface\node_modules\next\dist\server\base-server.js:2430:32)
    at async DevServer.pipeImpl (E:\pyydemo\ai-chat-interface\node_modules\next\dist\server\base-server.js:1003:25)
    at async NextNodeServer.handleCatchallRenderRequest (E:\pyydemo\ai-chat-interface\node_modules\next\dist\server\next-server.js:304:17)
    at async DevServer.handleRequestImpl (E:\pyydemo\ai-chat-interface\node_modules\next\dist\server\base-server.js:895:17)
    at async E:\pyydemo\ai-chat-interface\node_modules\next\dist\server\dev\next-dev-server.js:371:20
    at async Span.traceAsyncFn (E:\pyydemo\ai-chat-interface\node_modules\next\dist\trace\trace.js:157:20)
    at async DevServer.handleRequest (E:\pyydemo\ai-chat-interface\node_modules\next\dist\server\dev\next-dev-server.js:368:24)
    at async invokeRender (E:\pyydemo\ai-chat-interface\node_modules\next\dist\server\lib\router-server.js:235:21)
    at async handleRequest (E:\pyydemo\ai-chat-interface\node_modules\next\dist\server\lib\router-server.js:426:24)
    at async requestHandlerImpl (E:\pyydemo\ai-chat-interface\node_modules\next\dist\server\lib\router-server.js:450:13)
    at async Server.requestListener (E:\pyydemo\ai-chat-interface\node_modules\next\dist\server\lib\start-server.js:158:13)
[2025-05-21T08:04:39.837Z] [cad-analyzer-analyze] TypeError: The "data" argument must be of type string or an instance of Buffer, TypedArray, or DataView. Received undefined
    at Object.writeFile (node:internal/fs/promises:1198:5)
    at POST (webpack-internal:///(rsc)/./app/api/cad-analyzer/analyze/route.ts:304:66)
    at async AppRouteRouteModule.do (E:\pyydemo\ai-chat-interface\node_modules\next\dist\compiled\next-server\app-route.runtime.dev.js:26:33891)
    at async AppRouteRouteModule.handle (E:\pyydemo\ai-chat-interface\node_modules\next\dist\compiled\next-server\app-route.runtime.dev.js:26:41254)
    at async doRender (E:\pyydemo\ai-chat-interface\node_modules\next\dist\server\base-server.js:1513:42)
    at async DevServer.renderToResponseWithComponentsImpl (E:\pyydemo\ai-chat-interface\node_modules\next\dist\server\base-server.js:1915:28)
    at async DevServer.renderPageComponent (E:\pyydemo\ai-chat-interface\node_modules\next\dist\server\base-server.js:2393:24)
    at async DevServer.renderToResponseImpl (E:\pyydemo\ai-chat-interface\node_modules\next\dist\server\base-server.js:2430:32)
    at async DevServer.pipeImpl (E:\pyydemo\ai-chat-interface\node_modules\next\dist\server\base-server.js:1003:25)
    at async NextNodeServer.handleCatchallRenderRequest (E:\pyydemo\ai-chat-interface\node_modules\next\dist\server\next-server.js:304:17)
    at async DevServer.handleRequestImpl (E:\pyydemo\ai-chat-interface\node_modules\next\dist\server\base-server.js:895:17)
    at async E:\pyydemo\ai-chat-interface\node_modules\next\dist\server\dev\next-dev-server.js:371:20
    at async Span.traceAsyncFn (E:\pyydemo\ai-chat-interface\node_modules\next\dist\trace\trace.js:157:20)
    at async DevServer.handleRequest (E:\pyydemo\ai-chat-interface\node_modules\next\dist\server\dev\next-dev-server.js:368:24)
    at async invokeRender (E:\pyydemo\ai-chat-interface\node_modules\next\dist\server\lib\router-server.js:235:21)
    at async handleRequest (E:\pyydemo\ai-chat-interface\node_modules\next\dist\server\lib\router-server.js:426:24)
    at async requestHandlerImpl (E:\pyydemo\ai-chat-interface\node_modules\next\dist\server\lib\router-server.js:450:13)
    at async Server.requestListener (E:\pyydemo\ai-chat-interface\node_modules\next\dist\server\lib\start-server.js:158:13)
